<?xml version="1.0" encoding="UTF-8"?>
<!-- Generated by org.testng.reporters.JUnitReportReporter -->
<testsuite hostname="aditya" failures="0" tests="3" name="tests.LoginPractice1" time="76.595" errors="0" timestamp="2022-05-28T21:23:22 EDT" skipped="0">
  <testcase classname="tests.LoginPractice1" name="incorrectusernameandpassword" time="30.842"/>
  <testcase classname="tests.LoginPractice1" name="nousernameandincorrectpassword" time="22.089"/>
  <testcase classname="tests.LoginPractice1" name="incorrectusernameandnopassword" time="23.664"/>
</testsuite> <!-- tests.LoginPractice1 -->
